<?xml version="1.0" encoding="UTF-8"?>
<!-- Generated by org.testng.reporters.JUnitXMLReporter -->
<testsuite hostname="NDI-LAP-790" ignored="0" name="APICall1" tests="12" failures="0" timestamp="17 Apr 2018 06:45:15 GMT" time="436.5" errors="0">
  <testcase name="courseRequestAPI" time="10.446" classname="Test.APITest"/>
  <testcase name="openURL" time="14.849" classname="Test.APITest"/>
  <testcase name="requestApprovalpage" time="36.163" classname="Test.APITest"/>
  <testcase name="dbQuery" time="0.053" classname="Test.APITest"/>
  <testcase name="runApiUerEnv" time="0.839" classname="Test.APITest"/>
  <testcase name="verifyAddEnv" time="37.285" classname="Test.APITest"/>
  <testcase name="runApiSessionUpdate" time="0.65" classname="Test.APITest"/>
  <testcase name="verifyUpdateEnv" time="18.909" classname="Test.APITest"/>
  <testcase name="verifySessionStartUnStart" time="66.649" classname="Test.APITest"/>
  <testcase name="verifyStartDateInDB" time="0.042" classname="Test.APITest"/>
  <testcase name="verifyCompleteDate" time="115.971" classname="Test.APITest"/>
  <testcase name="verifyCarryForward" time="128.502" classname="Test.APITest"/>
</testsuite> <!-- APICall1 -->
