<?xml version="1.0" encoding="UTF-8"?>
<!-- Generated by org.testng.reporters.JUnitXMLReporter -->
<testsuite hostname="NDI-LAP-790" ignored="0" name="Regression Test in Approverequesttest class" tests="7" failures="0" timestamp="17 Dec 2018 20:56:27 GMT" time="42.717" errors="0">
  <testcase name="verifyPostAPIAndLogin" time="10.955" classname="com.ja.test.ApproveRequestTest"/>
  <testcase name="verifyRequestHeaderInApproveRequest" time="3.098" classname="com.ja.test.ApproveRequestTest"/>
  <testcase name="verifyRequestFieldsTitle" time="2.089" classname="com.ja.test.ApproveRequestTest"/>
  <testcase name="verifyTotalNumberOfCourseRequest" time="2.151" classname="com.ja.test.ApproveRequestTest"/>
  <testcase name="verifyTableHeader" time="2.295" classname="com.ja.test.ApproveRequestTest"/>
  <testcase name="verifyTableData" time="4.655" classname="com.ja.test.ApproveRequestTest"/>
  <testcase name="verifyCourseRequestApproved" time="10.67" classname="com.ja.test.ApproveRequestTest"/>
</testsuite> <!-- Regression Test in Approverequesttest class -->
