<?xml version="1.0" encoding="UTF-8"?>
<!-- Generated by org.testng.reporters.JUnitXMLReporter -->
<testsuite hostname="NDI-LAP-790" ignored="0" name="Regression Test in Approverequesttest class" tests="7" failures="0" timestamp="18 Dec 2018 07:55:52 GMT" time="54.451" errors="0">
  <testcase name="verifyPostAPIAndLogin" time="22.414" classname="com.ja.test.ApproveRequestTest"/>
  <testcase name="verifyRequestHeaderInApproveRequest" time="3.252" classname="com.ja.test.ApproveRequestTest"/>
  <testcase name="verifyRequestFieldsTitle" time="2.12" classname="com.ja.test.ApproveRequestTest"/>
  <testcase name="verifyTotalNumberOfCourseRequest" time="2.222" classname="com.ja.test.ApproveRequestTest"/>
  <testcase name="verifyTableHeader" time="2.324" classname="com.ja.test.ApproveRequestTest"/>
  <testcase name="verifyTableData" time="4.468" classname="com.ja.test.ApproveRequestTest"/>
  <testcase name="verifyCourseRequestApproved" time="10.578" classname="com.ja.test.ApproveRequestTest"/>
</testsuite> <!-- Regression Test in Approverequesttest class -->
