<?xml version="1.0" encoding="UTF-8"?>
<!-- Generated by org.testng.reporters.JUnitXMLReporter -->
<testsuite hostname="NDI-LAP-790" ignored="0" name="Regression Test in Accountlogintest class" tests="4" failures="0" timestamp="17 Dec 2018 20:55:44 GMT" time="66.265" errors="0">
  <testcase name="verifyloginWithInValidCredentials" time="10.439" classname="com.ja.test.AccountLoginTest"/>
  <testcase name="verifyloginWithInValidCredentials" time="11.985" classname="com.ja.test.AccountLoginTest"/>
  <testcase name="verifyloginWithInValidCredentials" time="11.928" classname="com.ja.test.AccountLoginTest"/>
  <testcase name="verifyloginWithValidCredentials" time="22.989" classname="com.ja.test.AccountLoginTest"/>
</testsuite> <!-- Regression Test in Accountlogintest class -->
