<?xml version="1.0" encoding="UTF-8"?>
<!-- Generated by org.testng.reporters.JUnitXMLReporter -->
<testsuite hostname="NDI-LAP-790" ignored="2" name="Smoke Test in Approverequesttest class" tests="5" failures="0" timestamp="17 Dec 2018 20:19:44 GMT" time="38.716" errors="0">
  <testcase name="verifyPostAPIAndLogin" time="11.329" classname="com.ja.test.ApproveRequestTest"/>
  <testcase name="verifyRequestHeaderInApproveRequest" time="3.158" classname="com.ja.test.ApproveRequestTest"/>
  <testcase name="verifyTotalNumberOfCourseRequest" time="2.145" classname="com.ja.test.ApproveRequestTest"/>
  <testcase name="verifyTableData" time="4.491" classname="com.ja.test.ApproveRequestTest"/>
  <testcase name="verifyCourseRequestApproved" time="10.809" classname="com.ja.test.ApproveRequestTest"/>
  <testcase name="verifyTableHeader" time="0.0" classname="com.ja.test.ApproveRequestTest">
    <ignored/>
  </testcase> <!-- verifyTableHeader -->
  <testcase name="verifyRequestFieldsTitle" time="0.0" classname="com.ja.test.ApproveRequestTest">
    <ignored/>
  </testcase> <!-- verifyRequestFieldsTitle -->
</testsuite> <!-- Smoke Test in Approverequesttest class -->
