<?xml version="1.0" encoding="UTF-8"?>
<!-- Generated by org.testng.reporters.JUnitXMLReporter -->
<testsuite hostname="NDI-LAP-790" ignored="2" name="Smoke Test in Approverequesttest class" tests="5" failures="0" timestamp="18 Dec 2018 08:38:25 GMT" time="38.97" errors="0">
  <testcase name="verifyPostAPIAndLogin" time="12.507" classname="com.ja.test.ApproveRequestTest"/>
  <testcase name="verifyRequestHeaderInApproveRequest" time="2.749" classname="com.ja.test.ApproveRequestTest"/>
  <testcase name="verifyTotalNumberOfCourseRequest" time="2.143" classname="com.ja.test.ApproveRequestTest"/>
  <testcase name="verifyTableData" time="4.6" classname="com.ja.test.ApproveRequestTest"/>
  <testcase name="verifyCourseRequestApproved" time="10.759" classname="com.ja.test.ApproveRequestTest"/>
  <testcase name="verifyTableHeader" time="0.0" classname="com.ja.test.ApproveRequestTest">
    <ignored/>
  </testcase> <!-- verifyTableHeader -->
  <testcase name="verifyRequestFieldsTitle" time="0.0" classname="com.ja.test.ApproveRequestTest">
    <ignored/>
  </testcase> <!-- verifyRequestFieldsTitle -->
</testsuite> <!-- Smoke Test in Approverequesttest class -->
