<?xml version="1.0" encoding="UTF-8"?>
<!-- Generated by org.testng.reporters.JUnitXMLReporter -->
<testsuite hostname="NDI-LAP-790" ignored="0" name="Default test" tests="12" failures="0" timestamp="25 May 2018 10:59:41 GMT" time="427.932" errors="0">
  <testcase name="courseRequestAPI" time="0.863" classname="Test.APITest"/>
  <testcase name="openURL" time="15.456" classname="Test.APITest"/>
  <testcase name="requestApprovalpage" time="36.222" classname="Test.APITest"/>
  <testcase name="dbQuery" time="0.05" classname="Test.APITest"/>
  <testcase name="runApiUerEnv" time="0.426" classname="Test.APITest"/>
  <testcase name="verifyAddEnv" time="37.965" classname="Test.APITest"/>
  <testcase name="runApiSessionUpdate" time="0.804" classname="Test.APITest"/>
  <testcase name="verifyUpdateEnv" time="21.526" classname="Test.APITest"/>
  <testcase name="verifySessionStartUnStart" time="73.183" classname="Test.APITest"/>
  <testcase name="verifyStartDateInDB" time="0.032" classname="Test.APITest"/>
  <testcase name="verifyCompleteDate" time="115.204" classname="Test.APITest"/>
  <testcase name="verifyCarryForward" time="120.756" classname="Test.APITest"/>
</testsuite> <!-- Default test -->
