<?xml version="1.0" encoding="UTF-8"?>
<testng-results skipped="0" failed="0" ignored="0" total="12" passed="12">
  <reporter-output>
  </reporter-output>
  <suite name="Default suite" duration-ms="427932" started-at="2018-05-25T10:52:33Z" finished-at="2018-05-25T10:59:41Z">
    <groups>
    </groups>
    <test name="Default test" duration-ms="427932" started-at="2018-05-25T10:52:33Z" finished-at="2018-05-25T10:59:41Z">
      <class name="Test.APITest">
        <test-method status="PASS" signature="initDriver()[pri:0, instance:Test.APITest@523884b2]" name="initDriver" is-config="true" duration-ms="4324" started-at="2018-05-25T16:22:33Z" finished-at="2018-05-25T16:22:38Z">
          <reporter-output>
          </reporter-output>
        </test-method> <!-- initDriver -->
        <test-method status="PASS" signature="courseRequestAPI()[pri:1, instance:Test.APITest@523884b2]" name="courseRequestAPI" duration-ms="863" started-at="2018-05-25T16:22:38Z" finished-at="2018-05-25T16:22:39Z">
          <reporter-output>
          </reporter-output>
        </test-method> <!-- courseRequestAPI -->
        <test-method status="PASS" signature="openURL()[pri:2, instance:Test.APITest@523884b2]" name="openURL" duration-ms="15456" started-at="2018-05-25T16:22:39Z" finished-at="2018-05-25T16:22:54Z">
          <reporter-output>
          </reporter-output>
        </test-method> <!-- openURL -->
        <test-method status="PASS" signature="requestApprovalpage()[pri:3, instance:Test.APITest@523884b2]" name="requestApprovalpage" duration-ms="36222" started-at="2018-05-25T16:22:54Z" finished-at="2018-05-25T16:23:30Z">
          <reporter-output>
          </reporter-output>
        </test-method> <!-- requestApprovalpage -->
        <test-method status="PASS" signature="dbQuery()[pri:4, instance:Test.APITest@523884b2]" name="dbQuery" duration-ms="50" started-at="2018-05-25T16:23:30Z" finished-at="2018-05-25T16:23:30Z">
          <reporter-output>
          </reporter-output>
        </test-method> <!-- dbQuery -->
        <test-method status="PASS" signature="runApiUerEnv()[pri:5, instance:Test.APITest@523884b2]" name="runApiUerEnv" duration-ms="426" started-at="2018-05-25T16:23:30Z" finished-at="2018-05-25T16:23:31Z">
          <reporter-output>
          </reporter-output>
        </test-method> <!-- runApiUerEnv -->
        <test-method status="PASS" signature="verifyAddEnv()[pri:6, instance:Test.APITest@523884b2]" name="verifyAddEnv" duration-ms="37965" started-at="2018-05-25T16:23:31Z" finished-at="2018-05-25T16:24:09Z">
          <reporter-output>
          </reporter-output>
        </test-method> <!-- verifyAddEnv -->
        <test-method status="PASS" signature="runApiSessionUpdate()[pri:7, instance:Test.APITest@523884b2]" name="runApiSessionUpdate" duration-ms="804" started-at="2018-05-25T16:24:09Z" finished-at="2018-05-25T16:24:09Z">
          <reporter-output>
          </reporter-output>
        </test-method> <!-- runApiSessionUpdate -->
        <test-method status="PASS" signature="verifyUpdateEnv()[pri:8, instance:Test.APITest@523884b2]" name="verifyUpdateEnv" duration-ms="21526" started-at="2018-05-25T16:24:09Z" finished-at="2018-05-25T16:24:31Z">
          <reporter-output>
          </reporter-output>
        </test-method> <!-- verifyUpdateEnv -->
        <test-method status="PASS" signature="verifySessionStartUnStart()[pri:9, instance:Test.APITest@523884b2]" name="verifySessionStartUnStart" duration-ms="73183" started-at="2018-05-25T16:24:31Z" finished-at="2018-05-25T16:25:44Z">
          <reporter-output>
          </reporter-output>
        </test-method> <!-- verifySessionStartUnStart -->
        <test-method status="PASS" signature="verifyStartDateInDB()[pri:10, instance:Test.APITest@523884b2]" name="verifyStartDateInDB" duration-ms="32" started-at="2018-05-25T16:25:44Z" finished-at="2018-05-25T16:25:44Z">
          <reporter-output>
          </reporter-output>
        </test-method> <!-- verifyStartDateInDB -->
        <test-method status="PASS" signature="verifyCompleteDate()[pri:11, instance:Test.APITest@523884b2]" name="verifyCompleteDate" duration-ms="115204" started-at="2018-05-25T16:25:44Z" finished-at="2018-05-25T16:27:39Z">
          <reporter-output>
          </reporter-output>
        </test-method> <!-- verifyCompleteDate -->
        <test-method status="PASS" signature="verifyCarryForward()[pri:12, instance:Test.APITest@523884b2]" name="verifyCarryForward" duration-ms="120756" started-at="2018-05-25T16:27:39Z" finished-at="2018-05-25T16:29:40Z">
          <reporter-output>
          </reporter-output>
        </test-method> <!-- verifyCarryForward -->
        <test-method status="PASS" signature="deleteRecord()[pri:0, instance:Test.APITest@523884b2]" name="deleteRecord" is-config="true" duration-ms="1098" started-at="2018-05-25T16:29:40Z" finished-at="2018-05-25T16:29:41Z">
          <reporter-output>
          </reporter-output>
        </test-method> <!-- deleteRecord -->
      </class> <!-- Test.APITest -->
    </test> <!-- Default test -->
  </suite> <!-- Default suite -->
</testng-results>
